<?xml version="1.0" encoding="UTF-8"?>
<!-- Generated by org.testng.reporters.JUnitReportReporter -->
<testsuite hostname="LAPTOP-4NL42U64" failures="0" tests="1" name="driverFactory.stockAppTest" time="39.602" errors="0" timestamp="2025-01-04T12:47:00 IST" skipped="0">
  <testcase classname="driverFactory.stockAppTest" name="test" time="39.602"/>
</testsuite> <!-- driverFactory.stockAppTest -->
